# JRE version: OpenJDK Runtime Environment (17.0.7) (build 17.0.7+0-b2043.56-10550314)
# Java VM: OpenJDK 64-Bit Server VM (17.0.7+0-b2043.56-10550314, mixed mode, tiered, compressed oops, compressed class ptrs, g1 gc, windows-amd64)
GC Precious Log:
 CPUs: 12 total, 12 available
 Memory: 7582M
 Large Page Support: Disabled
 NUMA Support: Disabled
 Compressed Oops: Enabled (32-bit)
 Heap Region Size: 1M
 Heap Min Capacity: 8M
 Heap Initial Capacity: 120M
 Heap Max Capacity: 1896M
 Pre-touch: Disabled
 Parallel Workers: 10
 Concurrent Workers: 3
 Concurrent Refinement Workers: 10
 Periodic GC: Disabled
Heap:
 garbage-first heap   total 86016K, used 49677K [0x0000000089800000, 0x0000000100000000)
  region size 1024K, 11 young (11264K), 1 survivors (1024K)
 Metaspace       used 55461K, committed 55680K, reserved 1114112K
  class space    used 6426K, committed 6528K, reserved 1048576K
GC Heap History (20 events):
Event: 5.928 GC heap before
{Heap before GC invocations=10 (full 0):
 garbage-first heap   total 60416K, used 47637K [0x0000000089800000, 0x0000000100000000)
  region size 1024K, 28 young (28672K), 2 survivors (2048K)
 Metaspace       used 41532K, committed 41728K, reserved 1114112K
  class space    used 5036K, committed 5120K, reserved 1048576K
}
Event: 5.942 GC heap after
{Heap after GC invocations=11 (full 0):
 garbage-first heap   total 60416K, used 26624K [0x0000000089800000, 0x0000000100000000)
  region size 1024K, 4 young (4096K), 4 survivors (4096K)
 Metaspace       used 41532K, committed 41728K, reserved 1114112K
  class space    used 5036K, committed 5120K, reserved 1048576K
}
Event: 6.130 GC heap before
{Heap before GC invocations=11 (full 0):
 garbage-first heap   total 60416K, used 43008K [0x0000000089800000, 0x0000000100000000)
  region size 1024K, 22 young (22528K), 4 survivors (4096K)
 Metaspace       used 42803K, committed 43072K, reserved 1114112K
  class space    used 5190K, committed 5312K, reserved 1048576K
}
Event: 6.140 GC heap after
{Heap after GC invocations=12 (full 0):
 garbage-first heap   total 60416K, used 28672K [0x0000000089800000, 0x0000000100000000)
  region size 1024K, 2 young (2048K), 2 survivors (2048K)
 Metaspace       used 42803K, committed 43072K, reserved 1114112K
  class space    used 5190K, committed 5312K, reserved 1048576K
}
Event: 8.014 GC heap before
{Heap before GC invocations=13 (full 0):
 garbage-first heap   total 60416K, used 46080K [0x0000000089800000, 0x0000000100000000)
  region size 1024K, 19 young (19456K), 2 survivors (2048K)
 Metaspace       used 44639K, committed 44864K, reserved 1114112K
  class space    used 5326K, committed 5440K, reserved 1048576K
}
Event: 8.030 GC heap after
{Heap after GC invocations=14 (full 0):
 garbage-first heap   total 60416K, used 31364K [0x0000000089800000, 0x0000000100000000)
  region size 1024K, 3 young (3072K), 3 survivors (3072K)
 Metaspace       used 44639K, committed 44864K, reserved 1114112K
  class space    used 5326K, committed 5440K, reserved 1048576K
}
Event: 8.315 GC heap before
{Heap before GC invocations=14 (full 0):
 garbage-first heap   total 60416K, used 46724K [0x0000000089800000, 0x0000000100000000)
  region size 1024K, 18 young (18432K), 3 survivors (3072K)
 Metaspace       used 45061K, committed 45248K, reserved 1114112K
  class space    used 5339K, committed 5440K, reserved 1048576K
}
Event: 8.329 GC heap after
{Heap after GC invocations=15 (full 0):
 garbage-first heap   total 60416K, used 34679K [0x0000000089800000, 0x0000000100000000)
  region size 1024K, 3 young (3072K), 3 survivors (3072K)
 Metaspace       used 45061K, committed 45248K, reserved 1114112K
  class space    used 5339K, committed 5440K, reserved 1048576K
}
Event: 8.538 GC heap before
{Heap before GC invocations=16 (full 0):
 garbage-first heap   total 60416K, used 44919K [0x0000000089800000, 0x0000000100000000)
  region size 1024K, 15 young (15360K), 3 survivors (3072K)
 Metaspace       used 45319K, committed 45568K, reserved 1114112K
  class space    used 5356K, committed 5440K, reserved 1048576K
}
Event: 8.550 GC heap after
{Heap after GC invocations=17 (full 0):
 garbage-first heap   total 60416K, used 35077K [0x0000000089800000, 0x0000000100000000)
  region size 1024K, 2 young (2048K), 2 survivors (2048K)
 Metaspace       used 45319K, committed 45568K, reserved 1114112K
  class space    used 5356K, committed 5440K, reserved 1048576K
}
Event: 8.633 GC heap before
{Heap before GC invocations=17 (full 0):
 garbage-first heap   total 60416K, used 46341K [0x0000000089800000, 0x0000000100000000)
  region size 1024K, 13 young (13312K), 2 survivors (2048K)
 Metaspace       used 45768K, committed 46016K, reserved 1114112K
  class space    used 5397K, committed 5504K, reserved 1048576K
}
Event: 8.640 GC heap after
{Heap after GC invocations=18 (full 0):
 garbage-first heap   total 60416K, used 35576K [0x0000000089800000, 0x0000000100000000)
  region size 1024K, 1 young (1024K), 1 survivors (1024K)
 Metaspace       used 45768K, committed 46016K, reserved 1114112K
  class space    used 5397K, committed 5504K, reserved 1048576K
}
Event: 8.958 GC heap before
{Heap before GC invocations=19 (full 0):
 garbage-first heap   total 65536K, used 46840K [0x0000000089800000, 0x0000000100000000)
  region size 1024K, 12 young (12288K), 1 survivors (1024K)
 Metaspace       used 48150K, committed 48320K, reserved 1114112K
  class space    used 5684K, committed 5760K, reserved 1048576K
}
Event: 8.962 GC heap after
{Heap after GC invocations=20 (full 0):
 garbage-first heap   total 65536K, used 36295K [0x0000000089800000, 0x0000000100000000)
  region size 1024K, 2 young (2048K), 2 survivors (2048K)
 Metaspace       used 48150K, committed 48320K, reserved 1114112K
  class space    used 5684K, committed 5760K, reserved 1048576K
}
Event: 10.677 GC heap before
{Heap before GC invocations=20 (full 0):
 garbage-first heap   total 65536K, used 50631K [0x0000000089800000, 0x0000000100000000)
  region size 1024K, 16 young (16384K), 2 survivors (2048K)
 Metaspace       used 49115K, committed 49280K, reserved 1114112K
  class space    used 5810K, committed 5888K, reserved 1048576K
}
Event: 10.682 GC heap after
{Heap after GC invocations=21 (full 0):
 garbage-first heap   total 65536K, used 37888K [0x0000000089800000, 0x0000000100000000)
  region size 1024K, 2 young (2048K), 2 survivors (2048K)
 Metaspace       used 49115K, committed 49280K, reserved 1114112K
  class space    used 5810K, committed 5888K, reserved 1048576K
}
Event: 11.386 GC heap before
{Heap before GC invocations=22 (full 0):
 garbage-first heap   total 65536K, used 52224K [0x0000000089800000, 0x0000000100000000)
  region size 1024K, 16 young (16384K), 2 survivors (2048K)
 Metaspace       used 50889K, committed 51072K, reserved 1114112K
  class space    used 5955K, committed 6016K, reserved 1048576K
}
Event: 11.396 GC heap after
{Heap after GC invocations=23 (full 0):
 garbage-first heap   total 65536K, used 40246K [0x0000000089800000, 0x0000000100000000)
  region size 1024K, 2 young (2048K), 2 survivors (2048K)
 Metaspace       used 50889K, committed 51072K, reserved 1114112K
  class space    used 5955K, committed 6016K, reserved 1048576K
}
Event: 11.699 GC heap before
{Heap before GC invocations=23 (full 0):
 garbage-first heap   total 65536K, used 51510K [0x0000000089800000, 0x0000000100000000)
  region size 1024K, 14 young (14336K), 2 survivors (2048K)
 Metaspace       used 53926K, committed 54080K, reserved 1114112K
  class space    used 6287K, committed 6336K, reserved 1048576K
}
Event: 11.705 GC heap after
{Heap after GC invocations=24 (full 0):
 garbage-first heap   total 86016K, used 41485K [0x0000000089800000, 0x0000000100000000)
  region size 1024K, 1 young (1024K), 1 survivors (1024K)
 Metaspace       used 53926K, committed 54080K, reserved 1114112K
  class space    used 6287K, committed 6336K, reserved 1048576K
}

